<?xml version="1.0" encoding="UTF-8"?>
<!-- Generated by org.testng.reporters.JUnitXMLReporter -->
<testsuite ignored="0" hostname="DESKTOP-PRI1S77" failures="2" tests="2" name="Test" time="14.094" errors="0" timestamp="2021-02-17T11:56:39 IST">
  <testcase classname="com.ActiTime.TestCases.loginTest" name="VerifyActitimeVersion" time="0.06">
    <failure type="java.lang.IllegalArgumentException" message="Keys to send should be a not null CharSequence">
      <![CDATA[java.lang.IllegalArgumentException: Keys to send should be a not null CharSequence
at org.openqa.selenium.remote.RemoteWebElement.sendKeys(RemoteWebElement.java:97)
at com.ActiTime.pom.BasePom.enterInput(BasePom.java:22)
at com.ActiTime.pom.login.username(login.java:18)
at com.ActiTime.TestCases.loginTest.VerifyActitimeVersion(loginTest.java:52)
at java.base/java.util.ArrayList.forEach(ArrayList.java:1507)
... Removed 27 stack frames]]>
    </failure>
  </testcase> <!-- VerifyActitimeVersion -->
  <testcase classname="com.ActiTime.TestCases.loginTest" name="login" time="0.043">
    <failure type="java.lang.IllegalArgumentException" message="Keys to send should be a not null CharSequence">
      <![CDATA[java.lang.IllegalArgumentException: Keys to send should be a not null CharSequence
at org.openqa.selenium.remote.RemoteWebElement.sendKeys(RemoteWebElement.java:97)
at com.ActiTime.pom.BasePom.enterInput(BasePom.java:22)
at com.ActiTime.pom.login.username(login.java:18)
at com.ActiTime.TestCases.loginTest.login(loginTest.java:40)
at java.base/java.util.ArrayList.forEach(ArrayList.java:1507)
... Removed 27 stack frames]]>
    </failure>
  </testcase> <!-- login -->
</testsuite> <!-- Test -->
